<?xml version="1.0" encoding="UTF-8"?>
<!-- Generated by org.testng.reporters.JUnitReportReporter -->
<testsuite skipped="0" hostname="DESKTOP-2NCSKNE" name="tests.EnterTheSoreTest" tests="1" failures="0" timestamp="2020-03-25T06:14:57 CET" time="3.386" errors="0">
  <testcase name="enterTheStoreTest" time="3.386" classname="tests.EnterTheSoreTest"/>
</testsuite> <!-- tests.EnterTheSoreTest -->
