<?xml version="1.0" encoding="UTF-8"?>
<!-- Generated by org.testng.reporters.JUnitReportReporter -->
<testsuite skipped="0" hostname="DESKTOP-2NCSKNE" name="tests.CartTest" tests="3" failures="0" timestamp="2020-04-05T17:58:58 CEST" time="12.944" errors="0">
  <testcase name="cartTest" time="11.732" classname="tests.CartTest"/>
  <testcase name="cartSumTotalTest" time="0.806" classname="tests.CartTest"/>
  <testcase name="clearCookiestest" time="0.406" classname="tests.CartTest"/>
</testsuite> <!-- tests.CartTest -->
