<?xml version="1.0" encoding="UTF-8"?>
<!-- Generated by org.testng.reporters.JUnitReportReporter -->
<testsuite skipped="0" hostname="DESKTOP-2NCSKNE" name="tests.CartTest" tests="1" failures="0" timestamp="2020-04-03T19:22:10 CEST" time="17.174" errors="0">
  <testcase name="cartTest" time="17.174" classname="tests.CartTest"/>
</testsuite> <!-- tests.CartTest -->
