<?xml version="1.0" encoding="UTF-8"?>
<!-- Generated by org.testng.reporters.JUnitReportReporter -->
<testsuite skipped="0" hostname="DESKTOP-2NCSKNE" name="tests.CartTest" tests="3" failures="0" timestamp="2020-04-10T23:43:30 CEST" time="24.171" errors="0">
  <testcase name="cartTest" time="19.010" classname="tests.CartTest"/>
  <testcase name="cartSumTotalTest" time="0.817" classname="tests.CartTest"/>
  <testcase name="clearCookiesTest" time="4.344" classname="tests.CartTest"/>
</testsuite> <!-- tests.CartTest -->
