<?xml version="1.0" encoding="UTF-8"?>
<!-- Generated by org.testng.reporters.JUnitReportReporter -->
<testsuite skipped="0" hostname="DESKTOP-2NCSKNE" name="tests.RegistrationTest" tests="1" failures="0" timestamp="2020-03-30T19:22:33 CEST" time="23.555" errors="0">
  <testcase name="registrationTest" time="23.555" classname="tests.RegistrationTest"/>
</testsuite> <!-- tests.RegistrationTest -->
