<?xml version="1.0" encoding="UTF-8"?>
<!-- Generated by org.testng.reporters.JUnitReportReporter -->
<testsuite skipped="0" hostname="DESKTOP-2NCSKNE" name="tests.CartTest" tests="2" failures="0" timestamp="2020-04-02T23:31:21 CEST" time="10.816" errors="0">
  <testcase name="clearCookiestest" time="0.330" classname="tests.CartTest"/>
  <testcase name="cartTest" time="10.486" classname="tests.CartTest"/>
</testsuite> <!-- tests.CartTest -->
