<?xml version="1.0" encoding="UTF-8"?>
<!-- Generated by org.testng.reporters.JUnitReportReporter -->
<testsuite skipped="0" hostname="DESKTOP-2NCSKNE" name="tests.PetStoreMenuTest" tests="2" failures="0" timestamp="2020-03-25T22:20:06 CET" time="12.873" errors="0">
  <testcase name="urlStatusTestAndMenuTest" time="10.147" classname="tests.PetStoreMenuTest"/>
  <testcase name="signInTest" time="2.726" classname="tests.PetStoreMenuTest"/>
</testsuite> <!-- tests.PetStoreMenuTest -->
